[36m--[0m Using CATKIN_DEVEL_PREFIX: /home/soham/drone_ws/devel/.private/sjtu_drone
[36m--[0m Using CMAKE_PREFIX_PATH: /home/soham/drone_ws/devel;/opt/ros/noetic
[36m--[0m This workspace overlays: /home/soham/drone_ws/devel;/opt/ros/noetic
[36m--[0m Found PythonInterp: /usr/bin/python3 (found suitable version "3.8.10", minimum required is "3")
[36m--[0m Using PYTHON_EXECUTABLE: /usr/bin/python3
[36m--[0m Using Debian Python package layout
[36m--[0m Using empy: /usr/lib/python3/dist-packages/em.py
[36m--[0m Using CATKIN_ENABLE_TESTING: ON
[36m--[0m Call enable_testing()
[36m--[0m Using CATKIN_TEST_RESULTS_DIR: /home/soham/drone_ws/build/sjtu_drone/test_results
[36m--[0m Forcing gtest/gmock from source, though one was otherwise available.
[36m--[0m Found gtest sources under '/usr/src/googletest': gtests will be built
[36m--[0m Found gmock sources under '/usr/src/googletest': gmock will be built
[36m--[0m Found PythonInterp: /usr/bin/python3 (found version "3.8.10")
[36m--[0m Using Python nosetests: /usr/bin/nosetests3
[36m--[0m catkin 0.8.10
[36m--[0m BUILD_SHARED_LIBS is on
[36m--[0m Using these message generators: gencpp;geneus;genlisp;gennodejs;genpy
[36m--[0m Found DART: /usr/include (Required is at least version "6.6") found components: dart
[36m--[0m Found Boost: /usr/lib/x86_64-linux-gnu/cmake/Boost-1.71.0/BoostConfig.cmake (found suitable version "1.71.0", minimum required is "1.40.0") found components: thread system filesystem program_options regex iostreams date_time
[36m--[0m Looking for ignition-math6 -- found version 6.13.0
[36m--[0m Searching for dependencies of ignition-math6
[36m--[0m Looking for OGRE...
[36m--[0m Found Ogre Ghadamon (1.9.0)
[36m--[0m Looking for OGRE_Paging...
[36m--[0m Found OGRE_Paging: optimized;/usr/lib/x86_64-linux-gnu/libOgrePaging.so;debug;/usr/lib/x86_64-linux-gnu/libOgrePaging.so
[36m--[0m Looking for OGRE_Terrain...
[36m--[0m Found OGRE_Terrain: optimized;/usr/lib/x86_64-linux-gnu/libOgreTerrain.so;debug;/usr/lib/x86_64-linux-gnu/libOgreTerrain.so
[36m--[0m Looking for OGRE_Property...
[36m--[0m Found OGRE_Property: optimized;/usr/lib/x86_64-linux-gnu/libOgreProperty.so;debug;/usr/lib/x86_64-linux-gnu/libOgreProperty.so
[36m--[0m Looking for OGRE_RTShaderSystem...
[36m--[0m Found OGRE_RTShaderSystem: optimized;/usr/lib/x86_64-linux-gnu/libOgreRTShaderSystem.so;debug;/usr/lib/x86_64-linux-gnu/libOgreRTShaderSystem.so
[36m--[0m Looking for OGRE_Volume...
[36m--[0m Found OGRE_Volume: optimized;/usr/lib/x86_64-linux-gnu/libOgreVolume.so;debug;/usr/lib/x86_64-linux-gnu/libOgreVolume.so
[36m--[0m Looking for OGRE_Overlay...
[36m--[0m Found OGRE_Overlay: optimized;/usr/lib/x86_64-linux-gnu/libOgreOverlay.so;debug;/usr/lib/x86_64-linux-gnu/libOgreOverlay.so
[36m--[0m Looking for ignition-math6 -- found version 6.13.0
[36m--[0m Looking for ignition-transport8 -- found version 8.3.0
[36m--[0m Searching for dependencies of ignition-transport8
[36m--[0m Found Protobuf: /usr/lib/x86_64-linux-gnu/libprotobuf.so;-lpthread (found suitable version "3.6.1", minimum required is "3")
[36m--[0m Config-file not installed for ZeroMQ -- checking for pkg-config
[36m--[0m Checking for module 'libzmq >= 4'
[36m--[0m   Found libzmq , version 4.3.2
[36m--[0m Checking for module 'uuid'
[36m--[0m   Found uuid, version 2.34.0
[36m--[0m Looking for ignition-msgs5 -- found version 5.10.0
[36m--[0m Searching for dependencies of ignition-msgs5
[36m--[0m Looking for ignition-math6 -- found version 6.13.0
[36m--[0m Checking for module 'tinyxml2'
[36m--[0m   Found tinyxml2, version 6.2.0
[36m--[0m Looking for ignition-msgs5 -- found version 5.10.0
[36m--[0m Looking for ignition-common3 -- found version 3.14.2
[36m--[0m Searching for dependencies of ignition-common3
[36m--[0m Looking for dlfcn.h - found
[36m--[0m Looking for libdl - found
[36m--[0m Searching for <ignition-common3> component [graphics]
[36m--[0m Looking for ignition-common3-graphics -- found version 3.14.2
[36m--[0m Searching for dependencies of ignition-common3-graphics
[36m--[0m Looking for ignition-math6 -- found version 6.13.0
[36m--[0m Looking for ignition-fuel_tools4 -- found version 4.6.0
[36m--[0m Searching for dependencies of ignition-fuel_tools4
[36m--[0m Checking for module 'jsoncpp'
[36m--[0m   Found jsoncpp, version 1.7.4
[36m--[0m Checking for module 'yaml-0.1'
[36m--[0m   Found yaml-0.1, version 0.2.2
[36m--[0m Checking for module 'libzip'
[36m--[0m   Found libzip, version 1.5.1
[36m--[0m Looking for ignition-common3 -- found version 3.14.2
[36m--[0m Looking for ignition-math6 -- found version 6.13.0
[36m--[0m Looking for ignition-msgs5 -- found version 5.10.0
[36m--[0m Found Boost: /usr/lib/x86_64-linux-gnu/cmake/Boost-1.71.0/BoostConfig.cmake (found version "1.71.0") found components: system
[36m--[0m Found Protobuf: /usr/lib/x86_64-linux-gnu/libprotobuf.so;-lpthread (found version "3.6.1")
[36m--[0m Configuring done
[33mWARNING: Target "plugin_ros_cam" requests linking to directory "/usr/lib/x86_64-linux-gnu".  Targets may link only to libraries.  CMake is dropping the item.[0m
[33mWARNING: Target "plugin_ros_cam" requests linking to directory "/usr/lib/x86_64-linux-gnu".  Targets may link only to libraries.  CMake is dropping the item.[0m
[33mWARNING: Target "plugin_ros_cam" requests linking to directory "/usr/lib/x86_64-linux-gnu".  Targets may link only to libraries.  CMake is dropping the item.[0m
[33mWARNING: Target "plugin_ros_init" requests linking to directory "/usr/lib/x86_64-linux-gnu".  Targets may link only to libraries.  CMake is dropping the item.[0m
[33mWARNING: Target "plugin_ros_init" requests linking to directory "/usr/lib/x86_64-linux-gnu".  Targets may link only to libraries.  CMake is dropping the item.[0m
[33mWARNING: Target "plugin_ros_init" requests linking to directory "/usr/lib/x86_64-linux-gnu".  Targets may link only to libraries.  CMake is dropping the item.[0m
[36m--[0m Generating done
[36m--[0m Build files have been written to: /home/soham/drone_ws/build/sjtu_drone
