[35m[1mScanning dependencies of target plugin_ros_imu[0m
[35m[1mScanning dependencies of target plugin_ros_init[0m
[35m[1mScanning dependencies of target plugin_drone[0m
[35m[1mScanning dependencies of target plugin_ros_cam[0m
[  4%] [34m[1mAutomatic UIC for target listener[0m
[  8%] [34m[1mAutomatic UIC for target plugin_ros_sonar[0m
[ 12%] [34m[1mAutomatic UIC for target drone_keyboard[0m
[ 16%] [32mBuilding CXX object CMakeFiles/plugin_ros_imu.dir/src/plugin_ros_imu_native.cpp.o[0m
[ 16%] Built target listener_autogen
[ 16%] Built target plugin_ros_sonar_autogen
[ 20%] [32mBuilding CXX object CMakeFiles/plugin_ros_init.dir/src/plugin_ros_init.cpp.o[0m
[ 20%] Built target drone_keyboard_autogen
[ 24%] [32mBuilding CXX object CMakeFiles/plugin_drone.dir/src/pid_controller.cpp.o[0m
[ 28%] [32mBuilding CXX object CMakeFiles/plugin_drone.dir/src/plugin_drone.cpp.o[0m
[ 32%] [32mBuilding CXX object CMakeFiles/plugin_ros_cam.dir/src/plugin_ros_cam.cpp.o[0m
[ 36%] [32mBuilding CXX object CMakeFiles/plugin_ros_cam.dir/src/util_ros_cam.cpp.o[0m
[35m[1mScanning dependencies of target listener[0m
[35m[1mScanning dependencies of target plugin_ros_sonar[0m
[35m[1mScanning dependencies of target drone_keyboard[0m
[ 40%] [32mBuilding CXX object CMakeFiles/listener.dir/scripts/listener.cpp.o[0m
[ 44%] [32mBuilding CXX object CMakeFiles/plugin_ros_sonar.dir/src/plugin_ros_sonar.cpp.o[0m
[ 48%] [32mBuilding CXX object CMakeFiles/drone_keyboard.dir/src/DialogKeyboard.cpp.o[0m
[ 52%] [32mBuilding CXX object CMakeFiles/drone_keyboard.dir/src/drone_object_ros.cpp.o[0m
[ 56%] [32mBuilding CXX object CMakeFiles/drone_keyboard.dir/include/moc_DialogKeyboard.cpp.o[0m
[ 60%] [32mBuilding CXX object CMakeFiles/drone_keyboard.dir/qrc_drone_keyboard.cpp.o[0m
[ 64%] [32mBuilding CXX object CMakeFiles/drone_keyboard.dir/src/drone_keyboard.cpp.o[0m
In file included from [01m[K/home/soham/drone_ws/src/sjtu-drone/scripts/listener.cpp:2[m[K:
[01m[K/opt/ros/noetic/include/pcl_ros/point_cloud.h:5:10:[m[K [01;31m[Kfatal error: [m[Kpcl/point_cloud.h: No such file or directory
    5 | #include [01;31m[K<pcl/point_cloud.h>[m[K
      |          [01;31m[K^~~~~~~~~~~~~~~~~~~[m[K
compilation terminated.
make[2]: *** [CMakeFiles/listener.dir/build.make:63: CMakeFiles/listener.dir/scripts/listener.cpp.o] Error 1
make[1]: *** [CMakeFiles/Makefile2:180: CMakeFiles/listener.dir/all] Error 2
make[1]: *** Waiting for unfinished jobs....
[01m[K/home/soham/drone_ws/src/sjtu-drone/src/drone_object_ros.cpp:[m[K In member function ‘[01m[Kbool DroneObjectROS::moveTo(float, float, float)[m[K’:
[01m[K/home/soham/drone_ws/src/sjtu-drone/src/drone_object_ros.cpp:103:1:[m[K [01;35m[Kwarning: [m[Kcontrol reaches end of non-void function [[01;35m[K-Wreturn-type[m[K]
  103 | [01;35m[K}[m[K
      | [01;35m[K^[m[K
[ 68%] [32m[1mLinking CXX executable /home/soham/drone_ws/devel/.private/sjtu_drone/lib/sjtu_drone/drone_keyboard[0m
[ 76%] Built target drone_keyboard
[ 80%] [32m[1mLinking CXX shared library /home/soham/drone_ws/src/sjtu-drone/plugins/libplugin_ros_imu.so[0m
[ 80%] Built target plugin_ros_imu
[ 84%] [32m[1mLinking CXX shared library /home/soham/drone_ws/src/sjtu-drone/plugins/libplugin_ros_sonar.so[0m
[ 84%] Built target plugin_ros_sonar
[ 88%] [32m[1mLinking CXX shared library /home/soham/drone_ws/src/sjtu-drone/plugins/libplugin_drone.so[0m
[ 88%] Built target plugin_drone
[ 92%] [32m[1mLinking CXX shared library /home/soham/drone_ws/src/sjtu-drone/plugins/libplugin_ros_init.so[0m
[ 92%] Built target plugin_ros_init
[ 96%] [32m[1mLinking CXX shared library /home/soham/drone_ws/src/sjtu-drone/plugins/libplugin_ros_cam.so[0m
[ 96%] Built target plugin_ros_cam
make: *** [Makefile:141: all] Error 2
