[01m[K/home/soham/drone_ws/src/sjtu-drone/scripts/listener.cpp:5:28:[m[K [01;31m[Kerror: [m[K‘[01m[Kpcl[m[K’ does not name a type
    5 | void chatterCallback(const [01;31m[Kpcl[m[K::PCLPointCloud2::Ptr& msg){
      |                            [01;31m[K^~~[m[K
[01m[K/home/soham/drone_ws/src/sjtu-drone/scripts/listener.cpp:5:47:[m[K [01;31m[Kerror: [m[Kexpected unqualified-id before ‘[01m[K::[m[K’ token
    5 | void chatterCallback(const pcl::PCLPointCloud2[01;31m[K::[m[KPtr& msg){
      |                                               [01;31m[K^~[m[K
[01m[K/home/soham/drone_ws/src/sjtu-drone/scripts/listener.cpp:5:47:[m[K [01;31m[Kerror: [m[Kexpected ‘[01m[K)[m[K’ before ‘[01m[K::[m[K’ token
    5 | void chatterCallback[34m[K([m[Kconst pcl::PCLPointCloud2[01;31m[K:[m[K[32m[K:[m[KPtr& msg){
      |                     [34m[K~[m[K                         [01;31m[K^[m[K[32m[K~[m[K
      |                                               [32m[K)[m[K
[01m[K/home/soham/drone_ws/src/sjtu-drone/scripts/listener.cpp:5:47:[m[K [01;31m[Kerror: [m[Kexpected initializer before ‘[01m[K::[m[K’ token
    5 | void chatterCallback(const pcl::PCLPointCloud2[01;31m[K::[m[KPtr& msg){
      |                                               [01;31m[K^~[m[K
[01m[K/home/soham/drone_ws/src/sjtu-drone/scripts/listener.cpp:[m[K In function ‘[01m[Kint main(int, char**)[m[K’:
[01m[K/home/soham/drone_ws/src/sjtu-drone/scripts/listener.cpp:13:67:[m[K [01;31m[Kerror: [m[K‘[01m[KchatterCallback[m[K’ was not declared in this scope
   13 |     ros::Subscriber sub = n.subscribe("/3d_image/3d_cloud", 1000, [01;31m[KchatterCallback[m[K);
      |                                                                   [01;31m[K^~~~~~~~~~~~~~~[m[K
make[2]: *** [CMakeFiles/listener.dir/build.make:63: CMakeFiles/listener.dir/scripts/listener.cpp.o] Error 1
make[1]: *** [CMakeFiles/Makefile2:180: CMakeFiles/listener.dir/all] Error 2
make: *** [Makefile:141: all] Error 2
